<?xml version="1.0" encoding="UTF-8"?>
<robot generator="Robot 3.2.2 (Python 3.9.2 on win32)" generated="20210714 18:44:59.213" rpa="false">
<suite id="s1" name="TestCases" source="C:\Users\LENOVO\PycharmProjects\RobotAutomation\TestCases">
<suite id="s1-s1" name="Tc002" source="C:\Users\LENOVO\PycharmProjects\RobotAutomation\TestCases\tc002.robot">
<test id="s1-s1-t1" name="tc002.text manipulations">
<kw name="Open Browser" library="SeleniumLibrary">
<doc>Opens a new browser instance to the optional ``url``.</doc>
<arguments>
<arg>${Url}</arg>
<arg>${Browser}</arg>
</arguments>
<msg timestamp="20210714 18:44:59.425" level="INFO">Opening browser 'Chrome' to base url 'https://thetestingworld.com/testings/'.</msg>
<status status="PASS" starttime="20210714 18:44:59.425" endtime="20210714 18:45:06.676"></status>
</kw>
<kw name="Maximize Browser Window" library="SeleniumLibrary">
<doc>Maximizes current browser window.</doc>
<status status="PASS" starttime="20210714 18:45:06.676" endtime="20210714 18:45:06.815"></status>
</kw>
<kw name="Input Text" library="SeleniumLibrary">
<doc>Types the given ``text`` into the text field identified by ``locator``.</doc>
<arguments>
<arg>name:fld_username</arg>
<arg>abc</arg>
</arguments>
<msg timestamp="20210714 18:45:06.816" level="INFO">Typing text 'abc' into text field 'name:fld_username'.</msg>
<status status="PASS" starttime="20210714 18:45:06.816" endtime="20210714 18:45:06.913"></status>
</kw>
<kw name="Input Text" library="SeleniumLibrary">
<doc>Types the given ``text`` into the text field identified by ``locator``.</doc>
<arguments>
<arg>xpath://input[@name='fld_email']</arg>
<arg>abc@gmail.com</arg>
</arguments>
<msg timestamp="20210714 18:45:06.914" level="INFO">Typing text 'abc@gmail.com' into text field 'xpath://input[@name='fld_email']'.</msg>
<status status="PASS" starttime="20210714 18:45:06.914" endtime="20210714 18:45:07.015"></status>
</kw>
<kw name="Clear Element Text" library="SeleniumLibrary">
<doc>Clears the value of the text-input-element identified by ``locator``.</doc>
<arguments>
<arg>name:fld_username</arg>
</arguments>
<status status="PASS" starttime="20210714 18:45:07.016" endtime="20210714 18:45:07.045"></status>
</kw>
<kw name="Clear Element Text" library="SeleniumLibrary">
<doc>Clears the value of the text-input-element identified by ``locator``.</doc>
<arguments>
<arg>xpath://input[@name='fld_email']</arg>
</arguments>
<status status="PASS" starttime="20210714 18:45:07.045" endtime="20210714 18:45:07.075"></status>
</kw>
<status status="PASS" starttime="20210714 18:44:59.424" endtime="20210714 18:45:07.076" critical="yes"></status>
</test>
<status status="PASS" starttime="20210714 18:44:59.247" endtime="20210714 18:45:07.078"></status>
</suite>
<status status="PASS" starttime="20210714 18:44:59.215" endtime="20210714 18:45:07.083"></status>
</suite>
<statistics>
<total>
<stat pass="1" fail="0">Critical Tests</stat>
<stat pass="1" fail="0">All Tests</stat>
</total>
<tag>
</tag>
<suite>
<stat pass="1" fail="0" id="s1" name="TestCases">TestCases</stat>
<stat pass="1" fail="0" id="s1-s1" name="Tc002">TestCases.Tc002</stat>
</suite>
</statistics>
<errors>
</errors>
</robot>
