<?xml version="1.0" encoding="UTF-8"?>
<robot generator="Robot 3.2.2 (Python 3.9.2 on win32)" generated="20210727 17:39:11.389" rpa="false">
<suite id="s1" name="Tc015 Robotcorder" source="C:\Users\LENOVO\PycharmProjects\RobotAutomation\TestCases\tc015_robotcorder.robot">
<test id="s1-t1" name="Login &amp; Sign Up Forms test">
<kw name="Open Browser" library="SeleniumLibrary">
<doc>Opens a new browser instance to the optional ``url``.</doc>
<arguments>
<arg>https://thetestingworld.com/testings</arg>
<arg>${BROWSER}</arg>
</arguments>
<msg timestamp="20210727 17:39:11.596" level="INFO">Opening browser 'Chrome' to base url 'https://thetestingworld.com/testings'.</msg>
<status status="PASS" starttime="20210727 17:39:11.595" endtime="20210727 17:39:15.906"></status>
</kw>
<kw name="Input Text" library="SeleniumLibrary">
<doc>Types the given ``text`` into the text field identified by ``locator``.</doc>
<arguments>
<arg>//input[@name="fld_username"]</arg>
<arg>abc</arg>
</arguments>
<msg timestamp="20210727 17:39:15.906" level="INFO">Typing text 'abc' into text field '//input[@name="fld_username"]'.</msg>
<status status="PASS" starttime="20210727 17:39:15.906" endtime="20210727 17:39:16.002"></status>
</kw>
<kw name="Input Text" library="SeleniumLibrary">
<doc>Types the given ``text`` into the text field identified by ``locator``.</doc>
<arguments>
<arg>//input[@name="fld_email"]</arg>
<arg>xyz@gmail.com</arg>
</arguments>
<msg timestamp="20210727 17:39:16.003" level="INFO">Typing text 'xyz@gmail.com' into text field '//input[@name="fld_email"]'.</msg>
<status status="PASS" starttime="20210727 17:39:16.002" endtime="20210727 17:39:16.100"></status>
</kw>
<kw name="Input Text" library="SeleniumLibrary">
<doc>Types the given ``text`` into the text field identified by ``locator``.</doc>
<arguments>
<arg>//input[@name="fld_password"]</arg>
<arg>***</arg>
</arguments>
<msg timestamp="20210727 17:39:16.101" level="INFO">Typing text '***' into text field '//input[@name="fld_password"]'.</msg>
<status status="PASS" starttime="20210727 17:39:16.100" endtime="20210727 17:39:16.186"></status>
</kw>
<kw name="Input Text" library="SeleniumLibrary">
<doc>Types the given ``text`` into the text field identified by ``locator``.</doc>
<arguments>
<arg>//input[@name="fld_password"]</arg>
<arg>***</arg>
</arguments>
<msg timestamp="20210727 17:39:16.187" level="INFO">Typing text '***' into text field '//input[@name="fld_password"]'.</msg>
<status status="PASS" starttime="20210727 17:39:16.186" endtime="20210727 17:39:16.249"></status>
</kw>
<kw name="Input Text" library="SeleniumLibrary">
<doc>Types the given ``text`` into the text field identified by ``locator``.</doc>
<arguments>
<arg>//input[@name="fld_cpassword"]</arg>
<arg>***</arg>
</arguments>
<msg timestamp="20210727 17:39:16.249" level="INFO">Typing text '***' into text field '//input[@name="fld_cpassword"]'.</msg>
<status status="PASS" starttime="20210727 17:39:16.249" endtime="20210727 17:39:16.334"></status>
</kw>
<kw name="Input Text" library="SeleniumLibrary">
<doc>Types the given ``text`` into the text field identified by ``locator``.</doc>
<arguments>
<arg>//input[@name="phone"]</arg>
<arg>8945625895</arg>
</arguments>
<msg timestamp="20210727 17:39:16.335" level="INFO">Typing text '8945625895' into text field '//input[@name="phone"]'.</msg>
<status status="PASS" starttime="20210727 17:39:16.335" endtime="20210727 17:39:16.430"></status>
</kw>
<kw name="Select From List By Value" library="SeleniumLibrary">
<doc>Selects options from selection list ``locator`` by ``values``.</doc>
<arguments>
<arg>//select[@name="country"]</arg>
<arg>101</arg>
</arguments>
<msg timestamp="20210727 17:39:16.430" level="INFO">Selecting options from selection list '//select[@name="country"]' by value 101.</msg>
<status status="PASS" starttime="20210727 17:39:16.430" endtime="20210727 17:39:16.506"></status>
</kw>
<kw name="Input Text" library="SeleniumLibrary">
<doc>Types the given ``text`` into the text field identified by ``locator``.</doc>
<arguments>
<arg>//input[@name="zip"]</arg>
<arg>30329</arg>
</arguments>
<msg timestamp="20210727 17:39:16.507" level="INFO">Typing text '30329' into text field '//input[@name="zip"]'.</msg>
<status status="PASS" starttime="20210727 17:39:16.507" endtime="20210727 17:39:16.585"></status>
</kw>
<kw name="Input Text" library="SeleniumLibrary">
<doc>Types the given ``text`` into the text field identified by ``locator``.</doc>
<arguments>
<arg>//input[@name="address"]</arg>
<arg>mumbai</arg>
</arguments>
<msg timestamp="20210727 17:39:16.587" level="INFO">Typing text 'mumbai' into text field '//input[@name="address"]'.</msg>
<status status="PASS" starttime="20210727 17:39:16.586" endtime="20210727 17:39:16.670"></status>
</kw>
<kw name="Select From List By Value" library="SeleniumLibrary">
<doc>Selects options from selection list ``locator`` by ``values``.</doc>
<arguments>
<arg>//select[@name="sex"]</arg>
<arg>1</arg>
</arguments>
<msg timestamp="20210727 17:39:16.671" level="INFO">Selecting options from selection list '//select[@name="sex"]' by value 1.</msg>
<status status="PASS" starttime="20210727 17:39:16.670" endtime="20210727 17:39:16.736"></status>
</kw>
<kw name="Wait Until Page Contains Element" library="SeleniumLibrary">
<doc>Waits until the element ``locator`` appears on the current page.</doc>
<arguments>
<arg>//select[@name="state"]</arg>
</arguments>
<status status="PASS" starttime="20210727 17:39:16.736" endtime="20210727 17:39:16.747"></status>
</kw>
<kw name="Sleep" library="BuiltIn">
<doc>Pauses the test executed for the given time.</doc>
<arguments>
<arg>5 seconds</arg>
</arguments>
<msg timestamp="20210727 17:39:21.749" level="INFO">Slept 5 seconds</msg>
<status status="PASS" starttime="20210727 17:39:16.747" endtime="20210727 17:39:21.749"></status>
</kw>
<kw name="Select From List By Index" library="SeleniumLibrary">
<doc>Selects options from selection list ``locator`` by ``indexes``.</doc>
<arguments>
<arg>//select[@name="state"]</arg>
<arg>2</arg>
</arguments>
<msg timestamp="20210727 17:39:21.750" level="INFO">Selecting options from selection list '//select[@name="state"]' by index 2.</msg>
<status status="PASS" starttime="20210727 17:39:21.750" endtime="20210727 17:39:21.838"></status>
</kw>
<kw name="Wait Until Page Contains Element" library="SeleniumLibrary">
<doc>Waits until the element ``locator`` appears on the current page.</doc>
<arguments>
<arg>//select[@name="city"]</arg>
</arguments>
<status status="PASS" starttime="20210727 17:39:21.839" endtime="20210727 17:39:21.850"></status>
</kw>
<kw name="Sleep" library="BuiltIn">
<doc>Pauses the test executed for the given time.</doc>
<arguments>
<arg>5 seconds</arg>
</arguments>
<msg timestamp="20210727 17:39:26.852" level="INFO">Slept 5 seconds</msg>
<status status="PASS" starttime="20210727 17:39:21.851" endtime="20210727 17:39:26.852"></status>
</kw>
<kw name="Select From List By Index" library="SeleniumLibrary">
<doc>Selects options from selection list ``locator`` by ``indexes``.</doc>
<arguments>
<arg>//select[@name="city"]</arg>
<arg>2</arg>
</arguments>
<msg timestamp="20210727 17:39:26.853" level="INFO">Selecting options from selection list '//select[@name="city"]' by index 2.</msg>
<status status="PASS" starttime="20210727 17:39:26.853" endtime="20210727 17:39:26.999"></status>
</kw>
<kw name="Click Element" library="SeleniumLibrary">
<doc>Click the element identified by ``locator``.</doc>
<arguments>
<arg>//input[@name="terms"]</arg>
</arguments>
<msg timestamp="20210727 17:39:27.000" level="INFO">Clicking element '//input[@name="terms"]'.</msg>
<status status="PASS" starttime="20210727 17:39:27.000" endtime="20210727 17:39:27.056"></status>
</kw>
<kw name="Click Element" library="SeleniumLibrary">
<doc>Click the element identified by ``locator``.</doc>
<arguments>
<arg>xpath=(//input)[14]</arg>
</arguments>
<msg timestamp="20210727 17:39:27.057" level="INFO">Clicking element 'xpath=(//input)[14]'.</msg>
<status status="PASS" starttime="20210727 17:39:27.057" endtime="20210727 17:39:27.696"></status>
</kw>
<kw name="Close Browser" library="SeleniumLibrary">
<doc>Closes the current browser.</doc>
<status status="PASS" starttime="20210727 17:39:27.697" endtime="20210727 17:39:29.928"></status>
</kw>
<status status="PASS" starttime="20210727 17:39:11.595" endtime="20210727 17:39:29.931" critical="yes"></status>
</test>
<status status="PASS" starttime="20210727 17:39:11.391" endtime="20210727 17:39:29.939"></status>
</suite>
<statistics>
<total>
<stat pass="1" fail="0">Critical Tests</stat>
<stat pass="1" fail="0">All Tests</stat>
</total>
<tag>
</tag>
<suite>
<stat pass="1" fail="0" id="s1" name="Tc015 Robotcorder">Tc015 Robotcorder</stat>
</suite>
</statistics>
<errors>
</errors>
</robot>
